<?xml version="1.0" encoding="UTF-8"?>
<testng-results ignored="0" total="1" passed="1" failed="0" skipped="0">
  <reporter-output>
  </reporter-output>
  <suite started-at="2024-09-24T09:48:16 WIB" name="Surefire suite" finished-at="2024-09-24T09:48:27 WIB" duration-ms="11372">
    <groups>
    </groups>
    <test started-at="2024-09-24T09:48:16 WIB" name="Surefire test" finished-at="2024-09-24T09:48:27 WIB" duration-ms="11372">
      <class name="com.automation.SeleniumTest">
        <test-method is-config="true" signature="setUp()[pri:0, instance:com.automation.SeleniumTest@120f102b]" started-at="2024-09-24T09:48:16 WIB" name="setUp" finished-at="2024-09-24T09:48:22 WIB" duration-ms="6109" status="PASS">
          <reporter-output>
          </reporter-output>
        </test-method> <!-- setUp -->
        <test-method signature="testLoginPage()[pri:0, instance:com.automation.SeleniumTest@120f102b]" started-at="2024-09-24T09:48:22 WIB" name="testLoginPage" finished-at="2024-09-24T09:48:27 WIB" duration-ms="5109" status="PASS">
          <reporter-output>
          </reporter-output>
        </test-method> <!-- testLoginPage -->
        <test-method is-config="true" signature="tearDown()[pri:0, instance:com.automation.SeleniumTest@120f102b]" started-at="2024-09-24T09:48:27 WIB" name="tearDown" finished-at="2024-09-24T09:48:27 WIB" duration-ms="90" status="PASS">
          <reporter-output>
          </reporter-output>
        </test-method> <!-- tearDown -->
      </class> <!-- com.automation.SeleniumTest -->
    </test> <!-- Surefire test -->
  </suite> <!-- Surefire suite -->
</testng-results>
